[debug] [2024-05-18T08:26:36.928Z] ----------------------------------------------------------------------
[debug] [2024-05-18T08:26:36.933Z] Command:       C:\Program Files\nodejs\node.exe C:\Users\Noel\AppData\Roaming\npm\node_modules\firebase-tools\lib\bin\firebase.js init
[debug] [2024-05-18T08:26:36.934Z] CLI Version:   13.9.0
[debug] [2024-05-18T08:26:36.934Z] Platform:      win32
[debug] [2024-05-18T08:26:36.935Z] Node Version:  v19.9.0
[debug] [2024-05-18T08:26:36.935Z] Time:          Sat May 18 2024 10:26:36 GMT+0200 (Central Africa Time)
[debug] [2024-05-18T08:26:36.935Z] ----------------------------------------------------------------------
[debug] 
[debug] [2024-05-18T08:26:36.947Z] > command requires scopes: ["email","openid","https://www.googleapis.com/auth/cloudplatformprojects.readonly","https://www.googleapis.com/auth/firebase","https://www.googleapis.com/auth/cloud-platform"]
[debug] [2024-05-18T08:26:36.951Z] > authorizing via signed-in user (nolamunyengwa@gmail.com)
[info] 
     ######## #### ########  ######## ########     ###     ######  ########
     ##        ##  ##     ## ##       ##     ##  ##   ##  ##       ##
     ######    ##  ########  ######   ########  #########  ######  ######
     ##        ##  ##    ##  ##       ##     ## ##     ##       ## ##
     ##       #### ##     ## ######## ########  ##     ##  ######  ########

You're about to initialize a Firebase project in this directory:

  C:\Users\Noel\Desktop\PROJECTS\UZConnectAccountDeletion

[info] 
=== Project Setup
[info] 
[info] First, let's associate this project directory with a Firebase project.
[info] You can create multiple project aliases by running firebase use --add, 
[info] but for now we'll just set up a default project.
[info] 
[debug] [2024-05-18T08:29:43.069Z] >>> [apiv2][query] GET https://firebase.googleapis.com/v1beta1/projects pageSize=100
[debug] [2024-05-18T08:29:45.177Z] <<< [apiv2][status] GET https://firebase.googleapis.com/v1beta1/projects 200
[debug] [2024-05-18T08:29:45.178Z] <<< [apiv2][body] GET https://firebase.googleapis.com/v1beta1/projects [omitted]
[info] i  Using project uz-connect (UZ-CONNECT) 
[info] 
=== Database Setup
[info] i  database: ensuring required API firebasedatabase.googleapis.com is enabled... 
[debug] [2024-05-18T08:30:00.356Z] >>> [apiv2][query] GET https://serviceusage.googleapis.com/v1/projects/uz-connect/services/firebasedatabase.googleapis.com [none]
[debug] [2024-05-18T08:30:00.356Z] >>> [apiv2][(partial)header] GET https://serviceusage.googleapis.com/v1/projects/uz-connect/services/firebasedatabase.googleapis.com x-goog-quota-user=projects/uz-connect
[debug] [2024-05-18T08:30:03.402Z] <<< [apiv2][status] GET https://serviceusage.googleapis.com/v1/projects/uz-connect/services/firebasedatabase.googleapis.com 200
[debug] [2024-05-18T08:30:03.403Z] <<< [apiv2][body] GET https://serviceusage.googleapis.com/v1/projects/uz-connect/services/firebasedatabase.googleapis.com [omitted]
[warn] !  database: missing required API firebasedatabase.googleapis.com. Enabling now... 
[debug] [2024-05-18T08:30:03.407Z] >>> [apiv2][query] POST https://serviceusage.googleapis.com/v1/projects/uz-connect/services/firebasedatabase.googleapis.com:enable [none]
[debug] [2024-05-18T08:30:03.408Z] >>> [apiv2][(partial)header] POST https://serviceusage.googleapis.com/v1/projects/uz-connect/services/firebasedatabase.googleapis.com:enable x-goog-quota-user=projects/uz-connect
[debug] [2024-05-18T08:30:04.259Z] <<< [apiv2][status] POST https://serviceusage.googleapis.com/v1/projects/uz-connect/services/firebasedatabase.googleapis.com:enable 200
[debug] [2024-05-18T08:30:04.260Z] <<< [apiv2][body] POST https://serviceusage.googleapis.com/v1/projects/uz-connect/services/firebasedatabase.googleapis.com:enable [omitted]
[debug] [2024-05-18T08:30:14.271Z] >>> [apiv2][query] GET https://serviceusage.googleapis.com/v1/projects/uz-connect/services/firebasedatabase.googleapis.com [none]
[debug] [2024-05-18T08:30:14.272Z] >>> [apiv2][(partial)header] GET https://serviceusage.googleapis.com/v1/projects/uz-connect/services/firebasedatabase.googleapis.com x-goog-quota-user=projects/uz-connect
[debug] [2024-05-18T08:30:16.204Z] <<< [apiv2][status] GET https://serviceusage.googleapis.com/v1/projects/uz-connect/services/firebasedatabase.googleapis.com 200
[debug] [2024-05-18T08:30:16.204Z] <<< [apiv2][body] GET https://serviceusage.googleapis.com/v1/projects/uz-connect/services/firebasedatabase.googleapis.com [omitted]
[info] +  database: required API firebasedatabase.googleapis.com is enabled 
[info] 
[debug] [2024-05-18T08:30:16.225Z] >>> [apiv2][query] GET https://firebase.googleapis.com/v1beta1/projects/uz-connect [none]
[debug] [2024-05-18T08:30:16.896Z] <<< [apiv2][status] GET https://firebase.googleapis.com/v1beta1/projects/uz-connect 200
[debug] [2024-05-18T08:30:16.897Z] <<< [apiv2][body] GET https://firebase.googleapis.com/v1beta1/projects/uz-connect {"projectId":"uz-connect","projectNumber":"29580101553","displayName":"UZ-CONNECT","name":"projects/uz-connect","resources":{"hostingSite":"uz-connect","storageBucket":"uz-connect.appspot.com","locationId":"us-central"},"state":"ACTIVE","etag":"1_c9fda12f-d646-46b1-b574-7a4ffbed2451"}
[debug] [2024-05-18T08:30:29.449Z] >>> [apiv2][query] POST https://firebasedatabase.googleapis.com/v1beta/projects/uz-connect/locations/us-central1/instances databaseId=uz-connect-default-rtdb&validateOnly=true
[debug] [2024-05-18T08:30:29.450Z] >>> [apiv2][body] POST https://firebasedatabase.googleapis.com/v1beta/projects/uz-connect/locations/us-central1/instances {"type":"default_database"}
[debug] [2024-05-18T08:30:32.472Z] <<< [apiv2][status] POST https://firebasedatabase.googleapis.com/v1beta/projects/uz-connect/locations/us-central1/instances 200
[debug] [2024-05-18T08:30:32.472Z] <<< [apiv2][body] POST https://firebasedatabase.googleapis.com/v1beta/projects/uz-connect/locations/us-central1/instances {"name":"projects/29580101553/locations/us-central1/instances/uz-connect-default-rtdb","project":"projects/29580101553","databaseUrl":"https://uz-connect-default-rtdb.firebaseio.com","type":"DEFAULT_DATABASE","state":"ACTIVE"}
[debug] [2024-05-18T08:30:32.475Z] >>> [apiv2][query] POST https://firebasedatabase.googleapis.com/v1beta/projects/uz-connect/locations/us-central1/instances databaseId=uz-connect-default-rtdb
[debug] [2024-05-18T08:30:32.475Z] >>> [apiv2][body] POST https://firebasedatabase.googleapis.com/v1beta/projects/uz-connect/locations/us-central1/instances {"type":"default_database"}
[debug] [2024-05-18T08:30:33.125Z] <<< [apiv2][status] POST https://firebasedatabase.googleapis.com/v1beta/projects/uz-connect/locations/us-central1/instances 200
[debug] [2024-05-18T08:30:33.126Z] <<< [apiv2][body] POST https://firebasedatabase.googleapis.com/v1beta/projects/uz-connect/locations/us-central1/instances {"name":"projects/29580101553/locations/us-central1/instances/uz-connect-default-rtdb","project":"projects/29580101553","databaseUrl":"https://uz-connect-default-rtdb.firebaseio.com","type":"DEFAULT_DATABASE","state":"ACTIVE"}
[info] 
[info] Firebase Realtime Database Security Rules allow you to define how your data should be
[info] structured and when your data can be read from and written to.
[info] 
[debug] [2024-05-18T08:30:43.434Z] >>> [apiv2][query] GET https://uz-connect-default-rtdb.firebaseio.com/.settings/rules.json [none]
[debug] [2024-05-18T08:30:45.573Z] <<< [apiv2][status] GET https://uz-connect-default-rtdb.firebaseio.com/.settings/rules.json 200
[debug] [2024-05-18T08:30:45.573Z] <<< [apiv2][body] GET https://uz-connect-default-rtdb.firebaseio.com/.settings/rules.json [stream]
[info] +  Database Rules for uz-connect-default-rtdb have been written to database.rules.json. 
[info] Future modifications to database.rules.json will update Realtime Database Security Rules when you run
[info] firebase deploy.
[info] 
=== Firestore Setup
[debug] [2024-05-18T08:30:45.593Z] >>> [apiv2][query] GET https://serviceusage.googleapis.com/v1/projects/uz-connect/services/firestore.googleapis.com [none]
[debug] [2024-05-18T08:30:45.594Z] >>> [apiv2][(partial)header] GET https://serviceusage.googleapis.com/v1/projects/uz-connect/services/firestore.googleapis.com x-goog-quota-user=projects/uz-connect
[debug] [2024-05-18T08:30:47.643Z] <<< [apiv2][status] GET https://serviceusage.googleapis.com/v1/projects/uz-connect/services/firestore.googleapis.com 200
[debug] [2024-05-18T08:30:47.644Z] <<< [apiv2][body] GET https://serviceusage.googleapis.com/v1/projects/uz-connect/services/firestore.googleapis.com [omitted]
[debug] [2024-05-18T08:30:47.646Z] >>> [apiv2][query] GET https://firestore.googleapis.com/v1/projects/uz-connect/databases/(default) [none]
[debug] [2024-05-18T08:30:50.166Z] <<< [apiv2][status] GET https://firestore.googleapis.com/v1/projects/uz-connect/databases/(default) 200
[debug] [2024-05-18T08:30:50.167Z] <<< [apiv2][body] GET https://firestore.googleapis.com/v1/projects/uz-connect/databases/(default) {"name":"projects/uz-connect/databases/(default)","uid":"9fa5ea03-adbc-478a-bcf9-68fca0ec0ff2","createTime":"2024-05-15T01:47:21.429630Z","updateTime":"2024-05-15T01:47:21.429630Z","locationId":"eur3","type":"FIRESTORE_NATIVE","concurrencyMode":"PESSIMISTIC","versionRetentionPeriod":"3600s","earliestVersionTime":"2024-05-18T07:30:49.146651Z","appEngineIntegrationMode":"DISABLED","keyPrefix":"e","pointInTimeRecoveryEnablement":"POINT_IN_TIME_RECOVERY_DISABLED","deleteProtectionState":"DELETE_PROTECTION_DISABLED","etag":"IM/yvsjkloYDMNHF2+rEjoYD"}
[debug] [2024-05-18T08:30:50.167Z] database_type: FIRESTORE_NATIVE
[debug] [2024-05-18T08:30:50.169Z] > command requires scopes: ["email","openid","https://www.googleapis.com/auth/cloudplatformprojects.readonly","https://www.googleapis.com/auth/firebase","https://www.googleapis.com/auth/cloud-platform"]
[debug] [2024-05-18T08:30:50.170Z] > authorizing via signed-in user (nolamunyengwa@gmail.com)
[debug] [2024-05-18T08:30:50.170Z] [iam] checking project uz-connect for permissions ["firebase.projects.get"]
[debug] [2024-05-18T08:30:50.172Z] >>> [apiv2][query] POST https://cloudresourcemanager.googleapis.com/v1/projects/uz-connect:testIamPermissions [none]
[debug] [2024-05-18T08:30:50.173Z] >>> [apiv2][(partial)header] POST https://cloudresourcemanager.googleapis.com/v1/projects/uz-connect:testIamPermissions x-goog-quota-user=projects/uz-connect
[debug] [2024-05-18T08:30:50.173Z] >>> [apiv2][body] POST https://cloudresourcemanager.googleapis.com/v1/projects/uz-connect:testIamPermissions {"permissions":["firebase.projects.get"]}
[debug] [2024-05-18T08:30:54.811Z] <<< [apiv2][status] POST https://cloudresourcemanager.googleapis.com/v1/projects/uz-connect:testIamPermissions 200
[debug] [2024-05-18T08:30:54.811Z] <<< [apiv2][body] POST https://cloudresourcemanager.googleapis.com/v1/projects/uz-connect:testIamPermissions {"permissions":["firebase.projects.get"]}
[info] 
[info] Firestore Security Rules allow you to define how and when to allow
[info] requests. You can keep these rules in your project directory
[info] and publish them with firebase deploy.
[info] 
[debug] [2024-05-18T08:30:59.935Z] >>> [apiv2][query] GET https://firebaserules.googleapis.com/v1/projects/uz-connect/releases pageSize=10&pageToken=
[debug] [2024-05-18T08:31:02.030Z] <<< [apiv2][status] GET https://firebaserules.googleapis.com/v1/projects/uz-connect/releases 200
[debug] [2024-05-18T08:31:02.031Z] <<< [apiv2][body] GET https://firebaserules.googleapis.com/v1/projects/uz-connect/releases {"releases":[{"name":"projects/uz-connect/releases/cloud.firestore","rulesetName":"projects/uz-connect/rulesets/f214db41-72db-4b5a-a577-be36467b8748","createTime":"2024-05-15T01:47:28.425278Z","updateTime":"2024-05-15T01:47:54.751867Z"},{"name":"projects/uz-connect/releases/firebase.storage/uz-connect.appspot.com","rulesetName":"projects/uz-connect/rulesets/9788dd0e-b24a-4f89-9d1a-8a0dab4c5c97","createTime":"2024-05-15T01:01:42.730049Z","updateTime":"2024-05-15T01:15:21.649690Z"}]}
[debug] [2024-05-18T08:31:02.077Z] Found ruleset: projects/uz-connect/rulesets/f214db41-72db-4b5a-a577-be36467b8748
[debug] [2024-05-18T08:31:02.078Z] >>> [apiv2][query] GET https://firebaserules.googleapis.com/v1/projects/uz-connect/rulesets/f214db41-72db-4b5a-a577-be36467b8748 [none]
[debug] [2024-05-18T08:31:02.982Z] <<< [apiv2][status] GET https://firebaserules.googleapis.com/v1/projects/uz-connect/rulesets/f214db41-72db-4b5a-a577-be36467b8748 200
[debug] [2024-05-18T08:31:02.983Z] <<< [apiv2][body] GET https://firebaserules.googleapis.com/v1/projects/uz-connect/rulesets/f214db41-72db-4b5a-a577-be36467b8748 [omitted]
[info] 
[info] Firestore indexes allow you to perform complex queries while
[info] maintaining performance that scales with the size of the result
[info] set. You can keep index definitions in your project directory
[info] and publish them with firebase deploy.
[info] 
[debug] [2024-05-18T08:31:06.017Z] >>> [apiv2][query] GET https://firestore.googleapis.com/v1/projects/uz-connect/databases/(default)/collectionGroups/-/indexes [none]
[debug] [2024-05-18T08:31:06.020Z] >>> [apiv2][query] GET https://firestore.googleapis.com/v1/projects/uz-connect/databases/(default)/collectionGroups/-/fields?filter=indexConfig.usesAncestorConfig=false OR ttlConfig:* [none]
[debug] [2024-05-18T08:31:07.763Z] <<< [apiv2][status] GET https://firestore.googleapis.com/v1/projects/uz-connect/databases/(default)/collectionGroups/-/fields?filter=indexConfig.usesAncestorConfig=false OR ttlConfig:* 200
[debug] [2024-05-18T08:31:07.763Z] <<< [apiv2][body] GET https://firestore.googleapis.com/v1/projects/uz-connect/databases/(default)/collectionGroups/-/fields?filter=indexConfig.usesAncestorConfig=false OR ttlConfig:* {"fields":[{"name":"projects/uz-connect/databases/(default)/collectionGroups/__default__/fields/*","indexConfig":{"indexes":[{"queryScope":"COLLECTION","fields":[{"fieldPath":"*","order":"ASCENDING"}],"state":"READY"},{"queryScope":"COLLECTION","fields":[{"fieldPath":"*","order":"DESCENDING"}],"state":"READY"},{"queryScope":"COLLECTION","fields":[{"fieldPath":"*","arrayConfig":"CONTAINS"}],"state":"READY"}]}}]}
[debug] [2024-05-18T08:31:07.766Z] <<< [apiv2][status] GET https://firestore.googleapis.com/v1/projects/uz-connect/databases/(default)/collectionGroups/-/indexes 200
[debug] [2024-05-18T08:31:07.767Z] <<< [apiv2][body] GET https://firestore.googleapis.com/v1/projects/uz-connect/databases/(default)/collectionGroups/-/indexes {}
[info] 
=== Hosting Setup
[debug] [2024-05-18T08:31:07.772Z] >>> [apiv2][query] GET https://firebase.googleapis.com/v1beta1/projects/uz-connect [none]
[debug] [2024-05-18T08:31:08.533Z] <<< [apiv2][status] GET https://firebase.googleapis.com/v1beta1/projects/uz-connect 200
[debug] [2024-05-18T08:31:08.534Z] <<< [apiv2][body] GET https://firebase.googleapis.com/v1beta1/projects/uz-connect {"projectId":"uz-connect","projectNumber":"29580101553","displayName":"UZ-CONNECT","name":"projects/uz-connect","resources":{"hostingSite":"uz-connect","realtimeDatabaseInstance":"uz-connect-default-rtdb","storageBucket":"uz-connect.appspot.com","locationId":"us-central"},"state":"ACTIVE","etag":"1_c9fda12f-d646-46b1-b574-7a4ffbed2451"}
[info] 
[info] Your public directory is the folder (relative to your project directory) that
[info] will contain Hosting assets to be uploaded with firebase deploy. If you
[info] have a build process for your assets, use your build's output directory.
[info] 
[debug] [2024-05-18T08:31:34.452Z] >>> [apiv2][query] GET https://www.gstatic.com/firebasejs/releases.json [none]
[debug] [2024-05-18T08:31:35.366Z] <<< [apiv2][status] GET https://www.gstatic.com/firebasejs/releases.json 200
[debug] [2024-05-18T08:31:35.367Z] <<< [apiv2][body] GET https://www.gstatic.com/firebasejs/releases.json {"current":{"version":"10.12.0","browserURL":"https://www.gstatic.com/firebasejs/10.12.0/firebase.js","packageURL":"https://www.gstatic.com/firebasejs/10.12.0/firebase.tgz"},"live":{"version":"10.12","browserURL":"https://www.gstatic.com/firebasejs/live/10.12/firebase.js","packageURL":"https://www.gstatic.com/firebasejs/live/10.12/firebase.tgz"},"components":{"analytics":"https://www.gstatic.com/firebasejs/10.12.0/firebase-analytics.js","app":"https://www.gstatic.com/firebasejs/10.12.0/firebase-app.js","app-check":"https://www.gstatic.com/firebasejs/10.12.0/firebase-app-check.js","auth":"https://www.gstatic.com/firebasejs/10.12.0/firebase-auth.js","auth/cordova":"https://www.gstatic.com/firebasejs/10.12.0/firebase-auth/cordova.js","auth/web-extension":"https://www.gstatic.com/firebasejs/10.12.0/firebase-auth/web-extension.js","functions":"https://www.gstatic.com/firebasejs/10.12.0/firebase-functions.js","firestore":"https://www.gstatic.com/firebasejs/10.12.0/firebase-firestore.js","firestore/lite":"https://www.gstatic.com/firebasejs/10.12.0/firebase-firestore/lite.js","installations":"https://www.gstatic.com/firebasejs/10.12.0/firebase-installations.js","storage":"https://www.gstatic.com/firebasejs/10.12.0/firebase-storage.js","performance":"https://www.gstatic.com/firebasejs/10.12.0/firebase-performance.js","remote-config":"https://www.gstatic.com/firebasejs/10.12.0/firebase-remote-config.js","messaging":"https://www.gstatic.com/firebasejs/10.12.0/firebase-messaging.js","messaging/sw":"https://www.gstatic.com/firebasejs/10.12.0/firebase-messaging/sw.js","database":"https://www.gstatic.com/firebasejs/10.12.0/firebase-database.js","vertexai-preview":"https://www.gstatic.com/firebasejs/10.12.0/firebase-vertexai-preview.js","firestore.memory":"https://www.gstatic.com/firebasejs/10.12.0/firebase-firestore.memory.js"}}
[info] +  Wrote public/index.html 
[info] 
[info] i  Didn't detect a .git folder. Assuming C:\Users\Noel\Desktop\PROJECTS\UZConnectAccountDeletion is the project root. 
[info] i  Authorizing with GitHub to upload your service account to a GitHub repository's secrets store. 
[info] 
[info] Visit this URL on this device to log in:
[info] https://github.com/login/oauth/authorize?client_id=89cf50f02ac6aaed3484&state=704474874&redirect_uri=http%3A%2F%2Flocalhost%3A9005&scope=read%3Auser%20repo%20public_repo
[info] 
[info] Waiting for authentication...
[debug] [2024-05-18T08:32:13.748Z] >>> [apiv2][query] POST https://github.com/login/oauth/access_token [none]
[debug] [2024-05-18T08:32:13.749Z] >>> [apiv2][body] POST https://github.com/login/oauth/access_token [stream]
[debug] [2024-05-18T08:32:17.927Z] <<< [apiv2][status] POST https://github.com/login/oauth/access_token 200
[debug] [2024-05-18T08:32:17.927Z] <<< [apiv2][body] POST https://github.com/login/oauth/access_token {"access_token":"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","token_type":"bearer","scope":"read:user,repo"}
[debug] [2024-05-18T08:32:17.969Z] >>> [apiv2][query] GET https://api.github.com/user [none]
[debug] [2024-05-18T08:32:21.592Z] <<< [apiv2][status] GET https://api.github.com/user 200
[debug] [2024-05-18T08:32:21.592Z] <<< [apiv2][body] GET https://api.github.com/user {"login":"munyengwa","id":107724075,"node_id":"U_kgDOBmu9Kw","avatar_url":"https://avatars.githubusercontent.com/u/107724075?v=4","gravatar_id":"","url":"https://api.github.com/users/munyengwa","html_url":"https://github.com/munyengwa","followers_url":"https://api.github.com/users/munyengwa/followers","following_url":"https://api.github.com/users/munyengwa/following{/other_user}","gists_url":"https://api.github.com/users/munyengwa/gists{/gist_id}","starred_url":"https://api.github.com/users/munyengwa/starred{/owner}{/repo}","subscriptions_url":"https://api.github.com/users/munyengwa/subscriptions","organizations_url":"https://api.github.com/users/munyengwa/orgs","repos_url":"https://api.github.com/users/munyengwa/repos","events_url":"https://api.github.com/users/munyengwa/events{/privacy}","received_events_url":"https://api.github.com/users/munyengwa/received_events","type":"User","site_admin":false,"name":null,"company":null,"blog":"","location":null,"email":null,"hireable":null,"bio":null,"twitter_username":null,"public_repos":0,"public_gists":0,"followers":0,"following":0,"created_at":"2022-06-17T21:07:49Z","updated_at":"2024-05-17T11:54:22Z","private_gists":0,"total_private_repos":0,"owned_private_repos":0,"disk_usage":0,"collaborators":0,"two_factor_authentication":false,"plan":{"name":"free","space":976562499,"collaborators":0,"private_repos":10000}}
[info] 
[info] +  Success! Logged into GitHub as munyengwa 
[info] 
[debug] [2024-05-18T08:32:32.959Z] >>> [apiv2][query] GET https://api.github.com/repos//actions/secrets/public-key type=owner
[debug] [2024-05-18T08:32:36.479Z] <<< [apiv2][status] GET https://api.github.com/repos//actions/secrets/public-key 404
[debug] [2024-05-18T08:32:36.481Z] <<< [apiv2][body] GET https://api.github.com/repos//actions/secrets/public-key {"message":"Not Found","documentation_url":"https://docs.github.com/rest"}
[info] 
[info] 
[error] !  The provided authorization cannot be used with this repository. If this repository is in an organization, did you remember to grant access? 
[info] 
[info] i  Action required: Visit this URL to ensure access has been granted to the appropriate organization(s) for the Firebase CLI GitHub OAuth App: 
[info] https://github.com/settings/connections/applications/89cf50f02ac6aaed3484
[info] 
[debug] [2024-05-18T08:33:13.706Z] >>> [apiv2][query] GET https://api.github.com/repos/no/actions/secrets/public-key type=owner
[debug] [2024-05-18T08:33:17.953Z] <<< [apiv2][status] GET https://api.github.com/repos/no/actions/secrets/public-key 404
[debug] [2024-05-18T08:33:17.954Z] <<< [apiv2][body] GET https://api.github.com/repos/no/actions/secrets/public-key {"message":"Not Found","documentation_url":"https://docs.github.com/rest"}
[info] 
[info] 
[error] !  The provided authorization cannot be used with this repository. If this repository is in an organization, did you remember to grant access? 
[info] 
[info] i  Action required: Visit this URL to ensure access has been granted to the appropriate organization(s) for the Firebase CLI GitHub OAuth App: 
[info] https://github.com/settings/connections/applications/89cf50f02ac6aaed3484
[info] 
[debug] [2024-05-18T08:37:59.765Z] >>> [apiv2][query] GET https://api.github.com/repos/NoelMunyengwa/uzconnectAccDeletion/actions/secrets/public-key type=owner
[debug] [2024-05-18T08:38:01.154Z] <<< [apiv2][status] GET https://api.github.com/repos/NoelMunyengwa/uzconnectAccDeletion/actions/secrets/public-key 403
[debug] [2024-05-18T08:38:01.154Z] <<< [apiv2][body] GET https://api.github.com/repos/NoelMunyengwa/uzconnectAccDeletion/actions/secrets/public-key {"message":"Must have admin rights to Repository.","documentation_url":"https://docs.github.com/rest/actions/secrets#get-a-repository-public-key"}
[info] 
[info] 
[error] !  The provided authorization cannot be used with this repository. If this repository is in an organization, did you remember to grant access? 
[info] 
[info] i  Action required: Visit this URL to ensure access has been granted to the appropriate organization(s) for the Firebase CLI GitHub OAuth App: 
[info] https://github.com/settings/connections/applications/89cf50f02ac6aaed3484
[info] 
[debug] [2024-05-18T08:38:06.089Z] >>> [apiv2][query] GET https://api.github.com/repos/NoelMunyengwa/uzconnectAccDeletion/actions/secrets/public-key type=owner
[debug] [2024-05-18T08:38:06.436Z] <<< [apiv2][status] GET https://api.github.com/repos/NoelMunyengwa/uzconnectAccDeletion/actions/secrets/public-key 403
[debug] [2024-05-18T08:38:06.436Z] <<< [apiv2][body] GET https://api.github.com/repos/NoelMunyengwa/uzconnectAccDeletion/actions/secrets/public-key {"message":"Must have admin rights to Repository.","documentation_url":"https://docs.github.com/rest/actions/secrets#get-a-repository-public-key"}
[info] 
[info] 
[error] !  The provided authorization cannot be used with this repository. If this repository is in an organization, did you remember to grant access? 
[info] 
[info] i  Action required: Visit this URL to ensure access has been granted to the appropriate organization(s) for the Firebase CLI GitHub OAuth App: 
[info] https://github.com/settings/connections/applications/89cf50f02ac6aaed3484
[info] 
[debug] [2024-05-18T08:40:04.492Z] >>> [apiv2][query] GET https://api.github.com/repos/NoelMunyengwa/uzconnectAccDeletion/actions/secrets/public-key type=owner
[debug] [2024-05-18T08:40:06.110Z] <<< [apiv2][status] GET https://api.github.com/repos/NoelMunyengwa/uzconnectAccDeletion/actions/secrets/public-key 403
[debug] [2024-05-18T08:40:06.110Z] <<< [apiv2][body] GET https://api.github.com/repos/NoelMunyengwa/uzconnectAccDeletion/actions/secrets/public-key {"message":"Must have admin rights to Repository.","documentation_url":"https://docs.github.com/rest/actions/secrets#get-a-repository-public-key"}
[info] 
[info] 
[error] !  The provided authorization cannot be used with this repository. If this repository is in an organization, did you remember to grant access? 
[info] 
[info] i  Action required: Visit this URL to ensure access has been granted to the appropriate organization(s) for the Firebase CLI GitHub OAuth App: 
[info] https://github.com/settings/connections/applications/89cf50f02ac6aaed3484
[info] 
